<?xml version="1.0" encoding="utf-8"?><testsuites name="pytest tests"><testsuite name="pytest" errors="0" failures="0" skipped="0" tests="9" time="11.271" timestamp="2026-03-21T21:24:34.859128+00:00" hostname="agent-env-b7310391-2ec5-4f75-88dd-0b1bd252ab4c"><testcase classname="backend.tests.test_chatbot.TestHealthCheck" name="test_api_root_endpoint" time="0.173" /><testcase classname="backend.tests.test_chatbot.TestChatbotEndpoint" name="test_chatbot_basic_message" time="1.536" /><testcase classname="backend.tests.test_chatbot.TestChatbotEndpoint" name="test_chatbot_returns_relevant_response" time="1.483" /><testcase classname="backend.tests.test_chatbot.TestChatbotEndpoint" name="test_chatbot_multi_turn_conversation" time="4.514" /><testcase classname="backend.tests.test_chatbot.TestChatbotEndpoint" name="test_chatbot_new_session_without_session_id" time="0.871" /><testcase classname="backend.tests.test_chatbot.TestChatbotEndpoint" name="test_chatbot_empty_message_handling" time="1.151" /><testcase classname="backend.tests.test_chatbot.TestChatbotEndpoint" name="test_chatbot_contact_info_query" time="1.120" /><testcase classname="backend.tests.test_chatbot.TestStatusEndpoint" name="test_create_status_check" time="0.162" /><testcase classname="backend.tests.test_chatbot.TestStatusEndpoint" name="test_get_status_checks" time="0.094" /></testsuite></testsuites>